Line : 1 - Time: 00:00:00:000:0
       0  1  2  3  4  5  6  7  8  9 10 11 12 13 14 15 16 17 18 19 20 21 22 23 24 25 26 27 28 29 30 31 32 33 34 35 36 37 38 39 
    +------------------------------------------------------------------------------------------------------------------------+
   0|  0  0  0  0  0  0  0  0  0  0  0  0  0  0  0  0  0  0  0  0  0  0  0  0  0  0  0  0  0  0  0  0  0  0  0  0  0  0  0  0|
   1|  0  0  0  0  0  0  0  0  0  0  0  0  0  0  0  0  0  0  0  0  0  0  0  0  0  0  0  0  0  0  0  0  0  0  0  0  0  0  0  0|
    +------------------------------------------------------------------------------------------------------------------------+

Line : 1 - Time: 00:00:01:000:0
       0  1  2  3  4  5  6  7  8  9 10 11 12 13 14 15 16 17 18 19 20 21 22 23 24 25 26 27 28 29 30 31 32 33 34 35 36 37 38 39 
    +------------------------------------------------------------------------------------------------------------------------+
   0|  9  9  0  0  0  9  9  9  9  9  9  9  9  9  9  9  9  9  9  9  9  9  9  9  9  9  9  9  9  9  9  9  9  9  9  9  9  9  9  9|
   1|  9  9  9  9  9  9  9  9  9  9  9  9  9  9  9  9  9  9  9  9  9  9  9  9  9  9  9  9  9  9  9  9  9  9  9  9  9  9  9  9|
    +------------------------------------------------------------------------------------------------------------------------+

Line : 1 - Time: 00:00:02:000:0
       0  1  2  3  4  5  6  7  8  9 10 11 12 13 14 15 16 17 18 19 20 21 22 23 24 25 26 27 28 29 30 31 32 33 34 35 36 37 38 39 
    +------------------------------------------------------------------------------------------------------------------------+
   0|  9  9  9  9  9  9  2  9  9  9  9  9  9  9  9  9  9  9  9  9  9  9  9  9  9  9  9  9  9  9  9  9  9  9  9  9  9  9  9  9|
   1|  9  9  9  1  1  9  9  9  9  9  9  9  9  9  9  9  9  9  9  9  9  9  9  9  9  9  9  9  9  9  9  9  9  9  9  9  9  9  9  9|
    +------------------------------------------------------------------------------------------------------------------------+

Line : 1 - Time: 00:00:03:000:0
       0  1  2  3  4  5  6  7  8  9 10 11 12 13 14 15 16 17 18 19 20 21 22 23 24 25 26 27 28 29 30 31 32 33 34 35 36 37 38 39 
    +------------------------------------------------------------------------------------------------------------------------+
   0|  9  9  9  9  9  9  9  9  9  3  9  9  9  9  9  9  9  9  9  9  9  9  9  9  9  9  9  9  9  9  9  9  9  9  9  9  9  9  9  9|
   1|  9  9  9  0  9  9  2  9  9  9  9  9  9  9  9  9  9  9  9  9  9  9  9  9  9  9  9  9  9  9  9  9  9  9  9  9  9  9  9  9|
    +------------------------------------------------------------------------------------------------------------------------+

Line : 1 - Time: 00:00:04:000:0
       0  1  2  3  4  5  6  7  8  9 10 11 12 13 14 15 16 17 18 19 20 21 22 23 24 25 26 27 28 29 30 31 32 33 34 35 36 37 38 39 
    +------------------------------------------------------------------------------------------------------------------------+
   0|  9  9  9  9  9  9  9  9  9  9  9  9  9  4  9  9  9  9  9  9  9  9  9  9  9  9  9  9  9  9  9  9  9  9  9  9  9  9  9  9|
   1|  9  9  9  9  1  9  9  9  9  3  9  9  9  9  9  9  9  9  9  9  9  9  9  9  9  9  9  9  9  9  9  9  9  9  9  9  9  9  9  9|
    +------------------------------------------------------------------------------------------------------------------------+

Line : 1 - Time: 00:00:05:000:0
       0  1  2  3  4  5  6  7  8  9 10 11 12 13 14 15 16 17 18 19 20 21 22 23 24 25 26 27 28 29 30 31 32 33 34 35 36 37 38 39 
    +------------------------------------------------------------------------------------------------------------------------+
   0|  9  9  9  9  9  9  9  9  9  9  9  9  9  9  9  9  9  9  5  9  9  9  9  9  9  9  9  9  9  9  9  9  9  9  9  9  9  9  9  9|
   1|  9  9  9  9  9  9  2  9  9  9  9  9  9  4  9  9  9  9  9  9  9  9  9  9  9  9  9  9  9  9  9  9  9  9  9  9  9  9  9  9|
    +------------------------------------------------------------------------------------------------------------------------+

Line : 1 - Time: 00:00:06:000:0
       0  1  2  3  4  5  6  7  8  9 10 11 12 13 14 15 16 17 18 19 20 21 22 23 24 25 26 27 28 29 30 31 32 33 34 35 36 37 38 39 
    +------------------------------------------------------------------------------------------------------------------------+
   0|  9  9  9  9  9  9  9  9  9  9  9  9  9  9  9  9  9  9  9  9  9  9  9  5  9  9  9  9  9  9  9  9  9  9  9  9  9  9  9  9|
   1|  9  9  9  9  9  9  9  9  9  3  9  9  9  9  9  9  9  9  5  9  9  9  9  9  9  9  9  9  9  9  9  9  9  9  9  9  9  9  9  9|
    +------------------------------------------------------------------------------------------------------------------------+

Line : 1 - Time: 00:00:07:000:0
       0  1  2  3  4  5  6  7  8  9 10 11 12 13 14 15 16 17 18 19 20 21 22 23 24 25 26 27 28 29 30 31 32 33 34 35 36 37 38 39 
    +------------------------------------------------------------------------------------------------------------------------+
   0|  9  9  9  9  9  9  9  9  9  9  9  9  9  9  9  9  9  9  9  9  9  9  9  9  9  9  9  9  5  9  9  9  9  9  9  9  9  9  9  9|
   1|  9  9  9  9  9  9  9  9  9  9  9  9  9  4  9  9  9  9  9  9  9  9  9  5  9  9  9  9  9  9  9  9  9  9  9  9  9  9  9  9|
    +------------------------------------------------------------------------------------------------------------------------+

Line : 1 - Time: 00:00:08:000:0
       0  1  2  3  4  5  6  7  8  9 10 11 12 13 14 15 16 17 18 19 20 21 22 23 24 25 26 27 28 29 30 31 32 33 34 35 36 37 38 39 
    +------------------------------------------------------------------------------------------------------------------------+
   0|  9  9  9  9  9  9  9  9  9  9  9  9  9  9  9  9  9  9  9  9  9  9  9  9  9  9  9  9  9  9  9  9  9  5  9  9  9  9  9  9|
   1|  9  9  9  9  9  9  9  9  9  9  9  9  9  9  9  9  9  9  5  9  9  9  9  9  9  9  9  9  5  9  9  9  9  9  9  9  9  9  9  9|
    +------------------------------------------------------------------------------------------------------------------------+

Line : 1 - Time: 00:00:09:000:0
       0  1  2  3  4  5  6  7  8  9 10 11 12 13 14 15 16 17 18 19 20 21 22 23 24 25 26 27 28 29 30 31 32 33 34 35 36 37 38 39 
    +------------------------------------------------------------------------------------------------------------------------+
   0|  9  9  9  9  9  9  9  9  9  9  9  9  9  9  9  9  9  9  9  9  9  9  9  9  9  9  9  9  9  9  9  9  9  9  9  9  9  9  5  9|
   1|  9  9  9  9  9  9  9  9  9  9  9  9  9  9  9  9  9  9  9  9  9  9  9  5  9  9  9  9  9  9  9  9  9  5  9  9  9  9  9  9|
    +------------------------------------------------------------------------------------------------------------------------+

Line : 1 - Time: 00:00:10:000:0
       0  1  2  3  4  5  6  7  8  9 10 11 12 13 14 15 16 17 18 19 20 21 22 23 24 25 26 27 28 29 30 31 32 33 34 35 36 37 38 39 
    +------------------------------------------------------------------------------------------------------------------------+
   0|  9  9  9  5  9  9  9  9  9  9  9  9  9  9  9  9  9  9  9  9  9  9  9  9  9  9  9  9  9  9  9  9  9  9  9  9  9  9  9  9|
   1|  9  9  9  9  9  9  9  9  9  9  9  9  9  9  9  9  9  9  9  9  9  9  9  9  9  9  9  9  5  9  9  9  9  9  9  9  9  9  5  9|
    +------------------------------------------------------------------------------------------------------------------------+

Line : 1 - Time: 00:00:11:000:0
       0  1  2  3  4  5  6  7  8  9 10 11 12 13 14 15 16 17 18 19 20 21 22 23 24 25 26 27 28 29 30 31 32 33 34 35 36 37 38 39 
    +------------------------------------------------------------------------------------------------------------------------+
   0|  9  9  9  9  9  9  9  9  5  9  9  9  9  9  9  9  9  9  9  9  9  9  9  9  9  9  9  9  9  9  9  9  9  9  9  9  9  9  9  9|
   1|  9  9  9  5  9  9  9  9  9  9  9  9  9  9  9  9  9  9  9  9  9  9  9  9  9  9  9  9  9  9  9  9  9  5  9  9  9  9  9  9|
    +------------------------------------------------------------------------------------------------------------------------+

Line : 1 - Time: 00:00:12:000:0
       0  1  2  3  4  5  6  7  8  9 10 11 12 13 14 15 16 17 18 19 20 21 22 23 24 25 26 27 28 29 30 31 32 33 34 35 36 37 38 39 
    +------------------------------------------------------------------------------------------------------------------------+
   0|  9  9  9  9  9  9  9  9  9  9  9  9  9  5  9  9  9  9  9  9  9  9  9  9  9  9  9  9  9  9  9  9  9  9  9  9  9  9  9  9|
   1|  9  9  9  9  9  9  9  9  5  9  9  9  9  9  9  9  9  9  9  9  9  9  9  9  9  9  9  9  9  9  9  9  9  9  9  9  9  9  5  9|
    +------------------------------------------------------------------------------------------------------------------------+

Line : 1 - Time: 00:00:13:000:0
       0  1  2  3  4  5  6  7  8  9 10 11 12 13 14 15 16 17 18 19 20 21 22 23 24 25 26 27 28 29 30 31 32 33 34 35 36 37 38 39 
    +------------------------------------------------------------------------------------------------------------------------+
   0|  9  9  9  9  9  9  9  9  9  9  9  9  9  9  9  9  9  9  5  9  9  9  9  9  9  9  9  9  9  9  9  9  9  9  9  9  9  9  9  9|
   1|  9  9  9  5  9  9  9  9  9  9  9  9  9  5  9  9  9  9  9  9  9  9  9  9  9  9  9  9  9  9  9  9  9  9  9  9  9  9  9  9|
    +------------------------------------------------------------------------------------------------------------------------+

Line : 1 - Time: 00:00:14:000:0
       0  1  2  3  4  5  6  7  8  9 10 11 12 13 14 15 16 17 18 19 20 21 22 23 24 25 26 27 28 29 30 31 32 33 34 35 36 37 38 39 
    +------------------------------------------------------------------------------------------------------------------------+
   0|  9  9  9  9  9  9  9  9  9  9  9  9  9  9  9  9  9  9  9  9  9  9  9  5  9  9  9  9  9  9  9  9  9  9  9  9  9  9  9  9|
   1|  9  9  9  9  9  9  9  9  5  9  9  9  9  9  9  9  9  9  5  9  9  9  9  9  9  9  9  9  9  9  9  9  9  9  9  9  9  9  9  9|
    +------------------------------------------------------------------------------------------------------------------------+

Line : 1 - Time: 00:00:15:000:0
       0  1  2  3  4  5  6  7  8  9 10 11 12 13 14 15 16 17 18 19 20 21 22 23 24 25 26 27 28 29 30 31 32 33 34 35 36 37 38 39 
    +------------------------------------------------------------------------------------------------------------------------+
   0|  9  9  9  9  9  9  9  9  9  9  9  9  9  9  9  9  9  9  9  9  9  9  9  9  9  9  9  9  5  9  9  9  9  9  9  9  9  9  9  9|
   1|  9  9  9  9  9  9  9  9  9  9  9  9  9  5  9  9  9  9  9  9  9  9  9  5  9  9  9  9  9  9  9  9  9  9  9  9  9  9  9  9|
    +------------------------------------------------------------------------------------------------------------------------+

Line : 1 - Time: 00:00:16:000:0
       0  1  2  3  4  5  6  7  8  9 10 11 12 13 14 15 16 17 18 19 20 21 22 23 24 25 26 27 28 29 30 31 32 33 34 35 36 37 38 39 
    +------------------------------------------------------------------------------------------------------------------------+
   0|  9  9  9  9  9  9  9  9  9  9  9  9  9  9  9  9  9  9  9  9  9  9  9  9  9  9  9  9  9  9  9  9  9  5  9  9  9  9  9  9|
   1|  9  9  9  9  9  9  9  9  9  9  9  9  9  9  9  9  9  9  5  9  9  9  9  9  9  9  9  9  5  9  9  9  9  9  9  9  9  9  9  9|
    +------------------------------------------------------------------------------------------------------------------------+

Line : 1 - Time: 00:00:17:000:0
       0  1  2  3  4  5  6  7  8  9 10 11 12 13 14 15 16 17 18 19 20 21 22 23 24 25 26 27 28 29 30 31 32 33 34 35 36 37 38 39 
    +------------------------------------------------------------------------------------------------------------------------+
   0|  9  9  9  9  9  9  9  9  9  9  9  9  9  9  9  9  9  9  9  9  9  9  9  9  9  9  9  9  9  9  9  9  9  9  9  9  9  9  5  9|
   1|  9  9  9  9  9  9  9  9  9  9  9  9  9  9  9  9  9  9  9  9  9  9  9  5  9  9  9  9  9  9  9  9  9  5  9  9  9  9  9  9|
    +------------------------------------------------------------------------------------------------------------------------+

Line : 1 - Time: 00:00:18:000:0
       0  1  2  3  4  5  6  7  8  9 10 11 12 13 14 15 16 17 18 19 20 21 22 23 24 25 26 27 28 29 30 31 32 33 34 35 36 37 38 39 
    +------------------------------------------------------------------------------------------------------------------------+
   0|  9  9  9  5  9  9  9  9  9  9  9  9  9  9  9  9  9  9  9  9  9  9  9  9  9  9  9  9  9  9  9  9  9  9  9  9  9  9  9  9|
   1|  9  9  9  9  9  9  9  9  9  9  9  9  9  9  9  9  9  9  9  9  9  9  9  9  9  9  9  9  5  9  9  9  9  9  9  9  9  9  5  9|
    +------------------------------------------------------------------------------------------------------------------------+

Line : 1 - Time: 00:00:19:000:0
       0  1  2  3  4  5  6  7  8  9 10 11 12 13 14 15 16 17 18 19 20 21 22 23 24 25 26 27 28 29 30 31 32 33 34 35 36 37 38 39 
    +------------------------------------------------------------------------------------------------------------------------+
   0|  9  9  9  9  9  9  9  9  5  9  9  9  9  9  9  9  9  9  9  9  9  9  9  9  9  9  9  9  9  9  9  9  9  9  9  9  9  9  9  9|
   1|  9  9  9  5  9  9  9  9  9  9  9  9  9  9  9  9  9  9  9  9  9  9  9  9  9  9  9  9  9  9  9  9  9  5  9  9  9  9  9  9|
    +------------------------------------------------------------------------------------------------------------------------+

Line : 1 - Time: 00:00:20:000:0
       0  1  2  3  4  5  6  7  8  9 10 11 12 13 14 15 16 17 18 19 20 21 22 23 24 25 26 27 28 29 30 31 32 33 34 35 36 37 38 39 
    +------------------------------------------------------------------------------------------------------------------------+
   0|  9  9  9  9  9  9  9  9  9  9  9  9  9  5  9  9  9  9  9  9  9  9  9  9  9  9  9  9  9  9  9  9  9  9  9  9  9  9  9  9|
   1|  9  9  9  9  9  9  9  9  5  9  9  9  9  9  9  9  9  9  9  9  9  9  9  9  9  9  9  9  9  9  9  9  9  9  9  9  9  9  5  9|
    +------------------------------------------------------------------------------------------------------------------------+

Line : 1 - Time: 00:00:21:000:0
       0  1  2  3  4  5  6  7  8  9 10 11 12 13 14 15 16 17 18 19 20 21 22 23 24 25 26 27 28 29 30 31 32 33 34 35 36 37 38 39 
    +------------------------------------------------------------------------------------------------------------------------+
   0|  9  9  9  9  9  9  9  9  9  9  9  9  9  9  9  9  9  9  5  9  9  9  9  9  9  9  9  9  9  9  9  9  9  9  9  9  9  9  9  9|
   1|  9  9  9  5  9  9  9  9  9  9  9  9  9  5  9  9  9  9  9  9  9  9  9  9  9  9  9  9  9  9  9  9  9  9  9  9  9  9  9  9|
    +------------------------------------------------------------------------------------------------------------------------+

Line : 1 - Time: 00:00:22:000:0
       0  1  2  3  4  5  6  7  8  9 10 11 12 13 14 15 16 17 18 19 20 21 22 23 24 25 26 27 28 29 30 31 32 33 34 35 36 37 38 39 
    +------------------------------------------------------------------------------------------------------------------------+
   0|  9  9  9  9  9  9  9  9  9  9  9  9  9  9  9  9  9  9  9  9  9  9  9  5  9  9  9  9  9  9  9  9  9  9  9  9  9  9  9  9|
   1|  9  9  9  9  9  9  9  9  5  9  9  9  9  9  9  9  9  9  5  9  9  9  9  9  9  9  9  9  9  9  9  9  9  9  9  9  9  9  9  9|
    +------------------------------------------------------------------------------------------------------------------------+

Line : 1 - Time: 00:00:23:000:0
       0  1  2  3  4  5  6  7  8  9 10 11 12 13 14 15 16 17 18 19 20 21 22 23 24 25 26 27 28 29 30 31 32 33 34 35 36 37 38 39 
    +------------------------------------------------------------------------------------------------------------------------+
   0|  9  9  9  9  9  9  9  9  9  9  9  9  9  9  9  9  9  9  9  9  9  9  9  9  9  9  9  9  5  9  9  9  9  9  9  9  9  9  9  9|
   1|  9  9  9  9  9  9  9  9  9  9  9  9  9  5  9  9  9  9  9  9  9  9  9  5  9  9  9  9  9  9  9  9  9  9  9  9  9  9  9  9|
    +------------------------------------------------------------------------------------------------------------------------+

Line : 1 - Time: 00:00:24:000:0
       0  1  2  3  4  5  6  7  8  9 10 11 12 13 14 15 16 17 18 19 20 21 22 23 24 25 26 27 28 29 30 31 32 33 34 35 36 37 38 39 
    +------------------------------------------------------------------------------------------------------------------------+
   0|  9  9  9  9  9  9  9  9  9  9  9  9  9  9  9  9  9  9  9  9  9  9  9  9  9  9  9  9  9  9  9  9  9  5  9  9  9  9  9  9|
   1|  9  9  9  9  9  9  9  9  9  9  9  9  9  9  9  9  9  9  5  9  9  9  9  9  9  9  9  9  5  9  9  9  9  9  9  9  9  9  9  9|
    +------------------------------------------------------------------------------------------------------------------------+

Line : 1 - Time: 00:00:25:000:0
       0  1  2  3  4  5  6  7  8  9 10 11 12 13 14 15 16 17 18 19 20 21 22 23 24 25 26 27 28 29 30 31 32 33 34 35 36 37 38 39 
    +------------------------------------------------------------------------------------------------------------------------+
   0|  9  9  9  9  9  9  9  9  9  9  9  9  9  9  9  9  9  9  9  9  9  9  9  9  9  9  9  9  9  9  9  9  9  9  9  9  9  9  5  9|
   1|  9  9  9  9  9  9  9  9  9  9  9  9  9  9  9  9  9  9  9  9  9  9  9  5  9  9  9  9  9  9  9  9  9  5  9  9  9  9  9  9|
    +------------------------------------------------------------------------------------------------------------------------+

Line : 1 - Time: 00:00:26:000:0
       0  1  2  3  4  5  6  7  8  9 10 11 12 13 14 15 16 17 18 19 20 21 22 23 24 25 26 27 28 29 30 31 32 33 34 35 36 37 38 39 
    +------------------------------------------------------------------------------------------------------------------------+
   0|  9  9  9  5  9  9  9  9  9  9  9  9  9  9  9  9  9  9  9  9  9  9  9  9  9  9  9  9  9  9  9  9  9  9  9  9  9  9  9  9|
   1|  9  9  9  9  9  9  9  9  9  9  9  9  9  9  9  9  9  9  9  9  9  9  9  9  9  9  9  9  5  9  9  9  9  9  9  9  9  9  5  9|
    +------------------------------------------------------------------------------------------------------------------------+

Line : 1 - Time: 00:00:27:000:0
       0  1  2  3  4  5  6  7  8  9 10 11 12 13 14 15 16 17 18 19 20 21 22 23 24 25 26 27 28 29 30 31 32 33 34 35 36 37 38 39 
    +------------------------------------------------------------------------------------------------------------------------+
   0|  9  9  9  9  9  9  9  9  5  9  9  9  9  9  9  9  9  9  9  9  9  9  9  9  9  9  9  9  9  9  9  9  9  9  9  9  9  9  9  9|
   1|  9  9  9  5  9  9  9  9  9  9  9  9  9  9  9  9  9  9  9  9  9  9  9  9  9  9  9  9  9  9  9  9  9  5  9  9  9  9  9  9|
    +------------------------------------------------------------------------------------------------------------------------+

Line : 1 - Time: 00:00:28:000:0
       0  1  2  3  4  5  6  7  8  9 10 11 12 13 14 15 16 17 18 19 20 21 22 23 24 25 26 27 28 29 30 31 32 33 34 35 36 37 38 39 
    +------------------------------------------------------------------------------------------------------------------------+
   0|  9  9  9  9  9  9  9  9  9  9  9  9  9  5  9  9  9  9  9  9  9  9  9  9  9  9  9  9  9  9  9  9  9  9  9  9  9  9  9  9|
   1|  9  9  9  9  9  9  9  9  5  9  9  9  9  9  9  9  9  9  9  9  9  9  9  9  9  9  9  9  9  9  9  9  9  9  9  9  9  9  5  9|
    +------------------------------------------------------------------------------------------------------------------------+

Line : 1 - Time: 00:00:29:000:0
       0  1  2  3  4  5  6  7  8  9 10 11 12 13 14 15 16 17 18 19 20 21 22 23 24 25 26 27 28 29 30 31 32 33 34 35 36 37 38 39 
    +------------------------------------------------------------------------------------------------------------------------+
   0|  9  9  9  9  9  9  9  9  9  9  9  9  9  9  9  9  9  9  5  9  9  9  9  9  9  9  9  9  9  9  9  9  9  9  9  9  9  9  9  9|
   1|  9  9  9  5  9  9  9  9  9  9  9  9  9  5  9  9  9  9  9  9  9  9  9  9  9  9  9  9  9  9  9  9  9  9  9  9  9  9  9  9|
    +------------------------------------------------------------------------------------------------------------------------+

Line : 1 - Time: 00:00:30:000:0
       0  1  2  3  4  5  6  7  8  9 10 11 12 13 14 15 16 17 18 19 20 21 22 23 24 25 26 27 28 29 30 31 32 33 34 35 36 37 38 39 
    +------------------------------------------------------------------------------------------------------------------------+
   0|  9  9  9  9  9  9  9  9  9  9  9  9  9  9  9  9  9  9  9  9  9  9  9  5  9  9  9  9  9  9  9  9  9  9  9  9  9  9  9  9|
   1|  9  9  9  9  9  9  9  9  5  9  9  9  9  9  9  9  9  9  5  9  9  9  9  9  9  9  9  9  9  9  9  9  9  9  9  9  9  9  9  9|
    +------------------------------------------------------------------------------------------------------------------------+

Line : 1 - Time: 00:00:31:000:0
       0  1  2  3  4  5  6  7  8  9 10 11 12 13 14 15 16 17 18 19 20 21 22 23 24 25 26 27 28 29 30 31 32 33 34 35 36 37 38 39 
    +------------------------------------------------------------------------------------------------------------------------+
   0|  9  9  9  9  9  9  9  9  9  9  9  9  9  9  9  9  9  9  9  9  9  9  9  9  9  9  9  9  5  9  9  9  9  9  9  9  9  9  9  9|
   1|  9  9  9  9  9  9  9  9  9  9  9  9  9  5  9  9  9  9  9  9  9  9  9  5  9  9  9  9  9  9  9  9  9  9  9  9  9  9  9  9|
    +------------------------------------------------------------------------------------------------------------------------+

Line : 1 - Time: 00:00:32:000:0
       0  1  2  3  4  5  6  7  8  9 10 11 12 13 14 15 16 17 18 19 20 21 22 23 24 25 26 27 28 29 30 31 32 33 34 35 36 37 38 39 
    +------------------------------------------------------------------------------------------------------------------------+
   0|  9  9  9  9  9  9  9  9  9  9  9  9  9  9  9  9  9  9  9  9  9  9  9  9  9  9  9  9  9  9  9  9  9  5  9  9  9  9  9  9|
   1|  9  9  9  9  9  9  9  9  9  9  9  9  9  9  9  9  9  9  5  9  9  9  9  9  9  9  9  9  5  9  9  9  9  9  9  9  9  9  9  9|
    +------------------------------------------------------------------------------------------------------------------------+

Line : 1 - Time: 00:00:33:000:0
       0  1  2  3  4  5  6  7  8  9 10 11 12 13 14 15 16 17 18 19 20 21 22 23 24 25 26 27 28 29 30 31 32 33 34 35 36 37 38 39 
    +------------------------------------------------------------------------------------------------------------------------+
   0|  9  9  9  9  9  9  9  9  9  9  9  9  9  9  9  9  9  9  9  9  9  9  9  9  9  9  9  9  9  9  9  9  9  9  9  9  9  9  5  9|
   1|  9  9  9  9  9  9  9  9  9  9  9  9  9  9  9  9  9  9  9  9  9  9  9  5  9  9  9  9  9  9  9  9  9  5  9  9  9  9  9  9|
    +------------------------------------------------------------------------------------------------------------------------+

Line : 1 - Time: 00:00:34:000:0
       0  1  2  3  4  5  6  7  8  9 10 11 12 13 14 15 16 17 18 19 20 21 22 23 24 25 26 27 28 29 30 31 32 33 34 35 36 37 38 39 
    +------------------------------------------------------------------------------------------------------------------------+
   0|  9  9  9  5  9  9  9  9  9  9  9  9  9  9  9  9  9  9  9  9  9  9  9  9  9  9  9  9  9  9  9  9  9  9  9  9  9  9  9  9|
   1|  9  9  9  9  9  9  9  9  9  9  9  9  9  9  9  9  9  9  9  9  9  9  9  9  9  9  9  9  5  9  9  9  9  9  9  9  9  9  5  9|
    +------------------------------------------------------------------------------------------------------------------------+

Line : 1 - Time: 00:00:35:000:0
       0  1  2  3  4  5  6  7  8  9 10 11 12 13 14 15 16 17 18 19 20 21 22 23 24 25 26 27 28 29 30 31 32 33 34 35 36 37 38 39 
    +------------------------------------------------------------------------------------------------------------------------+
   0|  9  9  9  9  9  9  9  9  5  9  9  9  9  9  9  9  9  9  9  9  9  9  9  9  9  9  9  9  9  9  9  9  9  9  9  9  9  9  9  9|
   1|  9  9  9  5  9  9  9  9  9  9  9  9  9  9  9  9  9  9  9  9  9  9  9  9  9  9  9  9  9  9  9  9  9  5  9  9  9  9  9  9|
    +------------------------------------------------------------------------------------------------------------------------+

Line : 1 - Time: 00:00:36:000:0
       0  1  2  3  4  5  6  7  8  9 10 11 12 13 14 15 16 17 18 19 20 21 22 23 24 25 26 27 28 29 30 31 32 33 34 35 36 37 38 39 
    +------------------------------------------------------------------------------------------------------------------------+
   0|  9  9  9  9  9  9  9  9  9  9  9  9  9  5  9  9  9  9  9  9  9  9  9  9  9  9  9  9  9  9  9  9  9  9  9  9  9  9  9  9|
   1|  9  9  9  9  9  9  9  9  5  9  9  9  9  9  9  9  9  9  9  9  9  9  9  9  9  9  9  9  9  9  9  9  9  9  9  9  9  9  5  9|
    +------------------------------------------------------------------------------------------------------------------------+

Line : 1 - Time: 00:00:37:000:0
       0  1  2  3  4  5  6  7  8  9 10 11 12 13 14 15 16 17 18 19 20 21 22 23 24 25 26 27 28 29 30 31 32 33 34 35 36 37 38 39 
    +------------------------------------------------------------------------------------------------------------------------+
   0|  9  9  9  9  9  9  9  9  9  9  9  9  9  9  9  9  9  9  5  9  9  9  9  9  9  9  9  9  9  9  9  9  9  9  9  9  9  9  9  9|
   1|  9  9  9  5  9  9  9  9  9  9  9  9  9  5  9  9  9  9  9  9  9  9  9  9  9  9  9  9  9  9  9  9  9  9  9  9  9  9  9  9|
    +------------------------------------------------------------------------------------------------------------------------+

Line : 1 - Time: 00:00:38:000:0
       0  1  2  3  4  5  6  7  8  9 10 11 12 13 14 15 16 17 18 19 20 21 22 23 24 25 26 27 28 29 30 31 32 33 34 35 36 37 38 39 
    +------------------------------------------------------------------------------------------------------------------------+
   0|  9  9  9  9  9  9  9  9  9  9  9  9  9  9  9  9  9  9  9  9  9  9  9  5  9  9  9  9  9  9  9  9  9  9  9  9  9  9  9  9|
   1|  9  9  9  9  9  9  9  9  5  9  9  9  9  9  9  9  9  9  5  9  9  9  9  9  9  9  9  9  9  9  9  9  9  9  9  9  9  9  9  9|
    +------------------------------------------------------------------------------------------------------------------------+

Line : 1 - Time: 00:00:39:000:0
       0  1  2  3  4  5  6  7  8  9 10 11 12 13 14 15 16 17 18 19 20 21 22 23 24 25 26 27 28 29 30 31 32 33 34 35 36 37 38 39 
    +------------------------------------------------------------------------------------------------------------------------+
   0|  9  9  9  9  9  9  9  9  9  9  9  9  9  9  9  9  9  9  9  9  9  9  9  9  9  9  9  9  5  9  9  9  9  9  9  9  9  9  9  9|
   1|  9  9  9  9  9  9  9  9  9  9  9  9  9  5  9  9  9  9  9  9  9  9  9  5  9  9  9  9  9  9  9  9  9  9  9  9  9  9  9  9|
    +------------------------------------------------------------------------------------------------------------------------+

Line : 1 - Time: 00:00:40:000:0
       0  1  2  3  4  5  6  7  8  9 10 11 12 13 14 15 16 17 18 19 20 21 22 23 24 25 26 27 28 29 30 31 32 33 34 35 36 37 38 39 
    +------------------------------------------------------------------------------------------------------------------------+
   0|  9  9  9  9  9  9  9  9  9  9  9  9  9  9  9  9  9  9  9  9  9  9  9  9  9  9  9  9  9  9  9  9  9  5  9  9  9  9  9  9|
   1|  9  9  9  9  9  9  9  9  9  9  9  9  9  9  9  9  9  9  5  9  9  9  9  9  9  9  9  9  5  9  9  9  9  9  9  9  9  9  9  9|
    +------------------------------------------------------------------------------------------------------------------------+

Line : 1 - Time: 00:00:41:000:0
       0  1  2  3  4  5  6  7  8  9 10 11 12 13 14 15 16 17 18 19 20 21 22 23 24 25 26 27 28 29 30 31 32 33 34 35 36 37 38 39 
    +------------------------------------------------------------------------------------------------------------------------+
   0|  9  9  9  9  9  9  9  9  9  9  9  9  9  9  9  9  9  9  9  9  9  9  9  9  9  9  9  9  9  9  9  9  9  9  9  9  9  9  5  9|
   1|  9  9  9  9  9  9  9  9  9  9  9  9  9  9  9  9  9  9  9  9  9  9  9  5  9  9  9  9  9  9  9  9  9  5  9  9  9  9  9  9|
    +------------------------------------------------------------------------------------------------------------------------+

Line : 1 - Time: 00:00:42:000:0
       0  1  2  3  4  5  6  7  8  9 10 11 12 13 14 15 16 17 18 19 20 21 22 23 24 25 26 27 28 29 30 31 32 33 34 35 36 37 38 39 
    +------------------------------------------------------------------------------------------------------------------------+
   0|  9  9  9  5  9  9  9  9  9  9  9  9  9  9  9  9  9  9  9  9  9  9  9  9  9  9  9  9  9  9  9  9  9  9  9  9  9  9  9  9|
   1|  9  9  9  9  9  9  9  9  9  9  9  9  9  9  9  9  9  9  9  9  9  9  9  9  9  9  9  9  5  9  9  9  9  9  9  9  9  9  5  9|
    +------------------------------------------------------------------------------------------------------------------------+

Line : 1 - Time: 00:00:43:000:0
       0  1  2  3  4  5  6  7  8  9 10 11 12 13 14 15 16 17 18 19 20 21 22 23 24 25 26 27 28 29 30 31 32 33 34 35 36 37 38 39 
    +------------------------------------------------------------------------------------------------------------------------+
   0|  9  9  9  9  9  9  9  9  5  9  9  9  9  9  9  9  9  9  9  9  9  9  9  9  9  9  9  9  9  9  9  9  9  9  9  9  9  9  9  9|
   1|  9  9  9  5  9  9  9  9  9  9  9  9  9  9  9  9  9  9  9  9  9  9  9  9  9  9  9  9  9  9  9  9  9  5  9  9  9  9  9  9|
    +------------------------------------------------------------------------------------------------------------------------+

Line : 1 - Time: 00:00:44:000:0
       0  1  2  3  4  5  6  7  8  9 10 11 12 13 14 15 16 17 18 19 20 21 22 23 24 25 26 27 28 29 30 31 32 33 34 35 36 37 38 39 
    +------------------------------------------------------------------------------------------------------------------------+
   0|  9  9  9  9  9  9  9  9  9  9  9  9  9  5  9  9  9  9  9  9  9  9  9  9  9  9  9  9  9  9  9  9  9  9  9  9  9  9  9  9|
   1|  9  9  9  9  9  9  9  9  5  9  9  9  9  9  9  9  9  9  9  9  9  9  9  9  9  9  9  9  9  9  9  9  9  9  9  9  9  9  5  9|
    +------------------------------------------------------------------------------------------------------------------------+

Line : 1 - Time: 00:00:45:000:0
       0  1  2  3  4  5  6  7  8  9 10 11 12 13 14 15 16 17 18 19 20 21 22 23 24 25 26 27 28 29 30 31 32 33 34 35 36 37 38 39 
    +------------------------------------------------------------------------------------------------------------------------+
   0|  9  9  9  9  9  9  9  9  9  9  9  9  9  9  9  9  9  9  5  9  9  9  9  9  9  9  9  9  9  9  9  9  9  9  9  9  9  9  9  9|
   1|  9  9  9  5  9  9  9  9  9  9  9  9  9  5  9  9  9  9  9  9  9  9  9  9  9  9  9  9  9  9  9  9  9  9  9  9  9  9  9  9|
    +------------------------------------------------------------------------------------------------------------------------+

Line : 1 - Time: 00:00:46:000:0
       0  1  2  3  4  5  6  7  8  9 10 11 12 13 14 15 16 17 18 19 20 21 22 23 24 25 26 27 28 29 30 31 32 33 34 35 36 37 38 39 
    +------------------------------------------------------------------------------------------------------------------------+
   0|  9  9  9  9  9  9  9  9  9  9  9  9  9  9  9  9  9  9  9  9  9  9  9  5  9  9  9  9  9  9  9  9  9  9  9  9  9  9  9  9|
   1|  9  9  9  9  9  9  9  9  5  9  9  9  9  9  9  9  9  9  5  9  9  9  9  9  9  9  9  9  9  9  9  9  9  9  9  9  9  9  9  9|
    +------------------------------------------------------------------------------------------------------------------------+

Line : 1 - Time: 00:00:47:000:0
       0  1  2  3  4  5  6  7  8  9 10 11 12 13 14 15 16 17 18 19 20 21 22 23 24 25 26 27 28 29 30 31 32 33 34 35 36 37 38 39 
    +------------------------------------------------------------------------------------------------------------------------+
   0|  9  9  9  9  9  9  9  9  9  9  9  9  9  9  9  9  9  9  9  9  9  9  9  9  9  9  9  9  5  9  9  9  9  9  9  9  9  9  9  9|
   1|  9  9  9  9  9  9  9  9  9  9  9  9  9  5  9  9  9  9  9  9  9  9  9  5  9  9  9  9  9  9  9  9  9  9  9  9  9  9  9  9|
    +------------------------------------------------------------------------------------------------------------------------+

Line : 1 - Time: 00:00:48:000:0
       0  1  2  3  4  5  6  7  8  9 10 11 12 13 14 15 16 17 18 19 20 21 22 23 24 25 26 27 28 29 30 31 32 33 34 35 36 37 38 39 
    +------------------------------------------------------------------------------------------------------------------------+
   0|  9  9  9  9  9  9  9  9  9  9  9  9  9  9  9  9  9  9  9  9  9  9  9  9  9  9  9  9  9  9  9  9  9  5  9  9  9  9  9  9|
   1|  9  9  9  9  9  9  9  9  9  9  9  9  9  9  9  9  9  9  5  9  9  9  9  9  9  9  9  9  5  9  9  9  9  9  9  9  9  9  9  9|
    +------------------------------------------------------------------------------------------------------------------------+

Line : 1 - Time: 00:00:49:000:0
       0  1  2  3  4  5  6  7  8  9 10 11 12 13 14 15 16 17 18 19 20 21 22 23 24 25 26 27 28 29 30 31 32 33 34 35 36 37 38 39 
    +------------------------------------------------------------------------------------------------------------------------+
   0|  9  9  9  9  9  9  9  9  9  9  9  9  9  9  9  9  9  9  9  9  9  9  9  9  9  9  9  9  9  9  9  9  9  9  9  9  9  9  5  9|
   1|  9  9  9  9  9  9  9  9  9  9  9  9  9  9  9  9  9  9  9  9  9  9  9  5  9  9  9  9  9  9  9  9  9  5  9  9  9  9  9  9|
    +------------------------------------------------------------------------------------------------------------------------+

Line : 1 - Time: 00:00:50:000:0
       0  1  2  3  4  5  6  7  8  9 10 11 12 13 14 15 16 17 18 19 20 21 22 23 24 25 26 27 28 29 30 31 32 33 34 35 36 37 38 39 
    +------------------------------------------------------------------------------------------------------------------------+
   0|  9  9  9  5  9  9  9  9  9  9  9  9  9  9  9  9  9  9  9  9  9  9  9  9  9  9  9  9  9  9  9  9  9  9  9  9  9  9  9  9|
   1|  9  9  9  9  9  9  9  9  9  9  9  9  9  9  9  9  9  9  9  9  9  9  9  9  9  9  9  9  5  9  9  9  9  9  9  9  9  9  5  9|
    +------------------------------------------------------------------------------------------------------------------------+

Line : 1 - Time: 00:00:51:000:0
       0  1  2  3  4  5  6  7  8  9 10 11 12 13 14 15 16 17 18 19 20 21 22 23 24 25 26 27 28 29 30 31 32 33 34 35 36 37 38 39 
    +------------------------------------------------------------------------------------------------------------------------+
   0|  9  9  9  9  9  9  9  9  5  9  9  9  9  9  9  9  9  9  9  9  9  9  9  9  9  9  9  9  9  9  9  9  9  9  9  9  9  9  9  9|
   1|  9  9  9  5  9  9  9  9  9  9  9  9  9  9  9  9  9  9  9  9  9  9  9  9  9  9  9  9  9  9  9  9  9  5  9  9  9  9  9  9|
    +------------------------------------------------------------------------------------------------------------------------+

Line : 1 - Time: 00:00:52:000:0
       0  1  2  3  4  5  6  7  8  9 10 11 12 13 14 15 16 17 18 19 20 21 22 23 24 25 26 27 28 29 30 31 32 33 34 35 36 37 38 39 
    +------------------------------------------------------------------------------------------------------------------------+
   0|  9  9  9  9  9  9  9  9  9  9  9  9  9  5  9  9  9  9  9  9  9  9  9  9  9  9  9  9  9  9  9  9  9  9  9  9  9  9  9  9|
   1|  9  9  9  9  9  9  9  9  5  9  9  9  9  9  9  9  9  9  9  9  9  9  9  9  9  9  9  9  9  9  9  9  9  9  9  9  9  9  5  9|
    +------------------------------------------------------------------------------------------------------------------------+

Line : 1 - Time: 00:00:53:000:0
       0  1  2  3  4  5  6  7  8  9 10 11 12 13 14 15 16 17 18 19 20 21 22 23 24 25 26 27 28 29 30 31 32 33 34 35 36 37 38 39 
    +------------------------------------------------------------------------------------------------------------------------+
   0|  9  9  9  9  9  9  9  9  9  9  9  9  9  9  9  9  9  9  5  9  9  9  9  9  9  9  9  9  9  9  9  9  9  9  9  9  9  9  9  9|
   1|  9  9  9  5  9  9  9  9  9  9  9  9  9  5  9  9  9  9  9  9  9  9  9  9  9  9  9  9  9  9  9  9  9  9  9  9  9  9  9  9|
    +------------------------------------------------------------------------------------------------------------------------+

Line : 1 - Time: 00:00:54:000:0
       0  1  2  3  4  5  6  7  8  9 10 11 12 13 14 15 16 17 18 19 20 21 22 23 24 25 26 27 28 29 30 31 32 33 34 35 36 37 38 39 
    +------------------------------------------------------------------------------------------------------------------------+
   0|  9  9  9  9  9  9  9  9  9  9  9  9  9  9  9  9  9  9  9  9  9  9  9  5  9  9  9  9  9  9  9  9  9  9  9  9  9  9  9  9|
   1|  9  9  9  9  9  9  9  9  5  9  9  9  9  9  9  9  9  9  5  9  9  9  9  9  9  9  9  9  9  9  9  9  9  9  9  9  9  9  9  9|
    +------------------------------------------------------------------------------------------------------------------------+

Line : 1 - Time: 00:00:55:000:0
       0  1  2  3  4  5  6  7  8  9 10 11 12 13 14 15 16 17 18 19 20 21 22 23 24 25 26 27 28 29 30 31 32 33 34 35 36 37 38 39 
    +------------------------------------------------------------------------------------------------------------------------+
   0|  9  9  9  9  9  9  9  9  9  9  9  9  9  9  9  9  9  9  9  9  9  9  9  9  9  9  9  9  5  9  9  9  9  9  9  9  9  9  9  9|
   1|  9  9  9  9  9  9  9  9  9  9  9  9  9  5  9  9  9  9  9  9  9  9  9  5  9  9  9  9  9  9  9  9  9  9  9  9  9  9  9  9|
    +------------------------------------------------------------------------------------------------------------------------+

Line : 1 - Time: 00:00:56:000:0
       0  1  2  3  4  5  6  7  8  9 10 11 12 13 14 15 16 17 18 19 20 21 22 23 24 25 26 27 28 29 30 31 32 33 34 35 36 37 38 39 
    +------------------------------------------------------------------------------------------------------------------------+
   0|  9  9  9  9  9  9  9  9  9  9  9  9  9  9  9  9  9  9  9  9  9  9  9  9  9  9  9  9  9  9  9  9  9  5  9  9  9  9  9  9|
   1|  9  9  9  9  9  9  9  9  9  9  9  9  9  9  9  9  9  9  5  9  9  9  9  9  9  9  9  9  5  9  9  9  9  9  9  9  9  9  9  9|
    +------------------------------------------------------------------------------------------------------------------------+

Line : 1 - Time: 00:00:57:000:0
       0  1  2  3  4  5  6  7  8  9 10 11 12 13 14 15 16 17 18 19 20 21 22 23 24 25 26 27 28 29 30 31 32 33 34 35 36 37 38 39 
    +------------------------------------------------------------------------------------------------------------------------+
   0|  9  9  9  9  9  9  9  9  9  9  9  9  9  9  9  9  9  9  9  9  9  9  9  9  9  9  9  9  9  9  9  9  9  9  9  9  9  9  5  9|
   1|  9  9  9  9  9  9  9  9  9  9  9  9  9  9  9  9  9  9  9  9  9  9  9  5  9  9  9  9  9  9  9  9  9  5  9  9  9  9  9  9|
    +------------------------------------------------------------------------------------------------------------------------+

Line : 1 - Time: 00:00:58:000:0
       0  1  2  3  4  5  6  7  8  9 10 11 12 13 14 15 16 17 18 19 20 21 22 23 24 25 26 27 28 29 30 31 32 33 34 35 36 37 38 39 
    +------------------------------------------------------------------------------------------------------------------------+
   0|  9  9  9  5  9  9  9  9  9  9  9  9  9  9  9  9  9  9  9  9  9  9  9  9  9  9  9  9  9  9  9  9  9  9  9  9  9  9  9  9|
   1|  9  9  9  9  9  9  9  9  9  9  9  9  9  9  9  9  9  9  9  9  9  9  9  9  9  9  9  9  5  9  9  9  9  9  9  9  9  9  5  9|
    +------------------------------------------------------------------------------------------------------------------------+

Line : 1 - Time: 00:00:59:000:0
       0  1  2  3  4  5  6  7  8  9 10 11 12 13 14 15 16 17 18 19 20 21 22 23 24 25 26 27 28 29 30 31 32 33 34 35 36 37 38 39 
    +------------------------------------------------------------------------------------------------------------------------+
   0|  9  9  9  9  9  9  9  9  5  9  9  9  9  9  9  9  9  9  9  9  9  9  9  9  9  9  9  9  9  9  9  9  9  9  9  9  9  9  9  9|
   1|  9  9  9  5  9  9  9  9  9  9  9  9  9  9  9  9  9  9  9  9  9  9  9  9  9  9  9  9  9  9  9  9  9  5  9  9  9  9  9  9|
    +------------------------------------------------------------------------------------------------------------------------+

Line : 1 - Time: 00:01:00:000:0
       0  1  2  3  4  5  6  7  8  9 10 11 12 13 14 15 16 17 18 19 20 21 22 23 24 25 26 27 28 29 30 31 32 33 34 35 36 37 38 39 
    +------------------------------------------------------------------------------------------------------------------------+
   0|  9  9  9  9  9  9  9  9  9  9  9  9  9  5  9  9  9  9  9  9  9  9  9  9  9  9  9  9  9  9  9  9  9  9  9  9  9  9  9  9|
   1|  9  9  9  9  9  9  9  9  5  9  9  9  9  9  9  9  9  9  9  9  9  9  9  9  9  9  9  9  9  9  9  9  9  9  9  9  9  9  5  9|
    +------------------------------------------------------------------------------------------------------------------------+

